[main] INFO  com.guru.Testcases.TooltipTestCase  - Initialization done....
[main] INFO  com.guru.Testcases.TooltipTestCase  - Initialization done....
[main] INFO  com.guru.Testcases.TooltipTestCase  - Initialization done....
[main] INFO  com.guru.Testcases.TooltipTestCase  - Initialization done....
[main] INFO  com.guru.Testcases.TooltipTestCase  - Initialization done....
[main] INFO  com.guru.Testcases.TooltipTestCase  - Initialization done....
[main] INFO  com.guru.Testcases.RadioAndCheckBox  - Initialization done....
[main] INFO  com.guru.Testcases.DemoFlashMovieTestCase  - Initialization done....
[main] INFO  com.guru.Testcases.DemoFlashMovieTestCase  - Initialization done....
[main] INFO  com.guru.Testcases.ScrollBarTestCase  - Initialization done....
[main] INFO  com.guru.Testcases.ScrollBarTestCase  - Initialization done....
[main] INFO  com.guru.Testcases.RadioAndCheckBox  - Initialization done....
[main] INFO  com.guru.Testcases.DeleteCustomerFormTestCase  - Initialization done....
[main] INFO  com.guru.Testcases.DeleteCustomerFormTestCase  - Initialization done....
[main] INFO  com.guru.Testcases.DeleteCustomerFormTestCase  - Initialization done....
[main] INFO  com.guru.Testcases.DeleteCustomerFormTestCase  - Initialization done....
[main] INFO  com.guru.Testcases.AccessingLinkTestCase  - Initialization done....
[main] INFO  com.guru.Testcases.AjaxDemoTestCase  - Initialization done....
[main] INFO  com.guru.Testcases.LoginTestCase  - Initialization done....
[main] INFO  com.guru.Testcases.DragAndDropTestCase  - Initialization done....
[main] INFO  com.guru.Testcases.DragAndDropTestCase  - Initialization done....
[main] INFO  com.guru.Testcases.DragAndDropTestCase  - Initialization done....
[main] INFO  com.guru.Testcases.DragAndDropTestCase  - Initialization done....
[main] INFO  com.guru.Testcases.DragAndDropTestCase  - Initialization done....
[main] INFO  com.guru.Testcases.DragAndDropTestCase  - Initialization done....
[main] INFO  com.guru.Testcases.DragAndDropTestCase  - Initialization done....
[main] INFO  com.guru.Testcases.DragAndDropTestCase  - Initialization done....
[main] INFO  com.guru.Testcases.DragAndDropTestCase  - Initialization done....
[main] INFO  com.guru.Testcases.DragAndDropTestCase  - Initialization done....
[main] INFO  com.guru.Testcases.DragAndDropTestCase  - Initialization done....
[main] INFO  com.guru.Testcases.DragAndDropTestCase  - Initialization done....
[main] INFO  com.guru.Testcases.DragAndDropTestCase  - Initialization done....
[main] INFO  com.guru.Testcases.FileUploadTestCase  - Initialization done....
[main] INFO  com.guru.Testcases.FileUploadTestCase  - Initialization done....
[main] INFO  com.guru.Testcases.FileUploadTestCase  - Initialization done....
[main] INFO  com.guru.Testcases.FileUploadTestCase  - Initialization done....
